mode: set
github.com/go-ruby-jwt/jwt/algorithms.go:39.41,43.4 2 1
github.com/go-ruby-jwt/jwt/algorithms.go:43.4,48.3 4 1
github.com/go-ruby-jwt/jwt/algorithms.go:49.2,49.10 1 1
github.com/go-ruby-jwt/jwt/algorithms.go:54.39,56.2 1 1
github.com/go-ruby-jwt/jwt/algorithms.go:59.45,61.11 2 1
github.com/go-ruby-jwt/jwt/algorithms.go:62.21,63.20 1 1
github.com/go-ruby-jwt/jwt/algorithms.go:64.21,65.23 1 1
github.com/go-ruby-jwt/jwt/algorithms.go:66.10,67.20 1 1
github.com/go-ruby-jwt/jwt/algorithms.go:69.2,70.20 2 1
github.com/go-ruby-jwt/jwt/algorithms.go:77.39,78.25 1 1
github.com/go-ruby-jwt/jwt/algorithms.go:79.14,80.24 1 1
github.com/go-ruby-jwt/jwt/algorithms.go:81.14,82.16 1 1
github.com/go-ruby-jwt/jwt/algorithms.go:83.10,84.77 1 1
github.com/go-ruby-jwt/jwt/algorithms.go:88.66,90.16 2 1
github.com/go-ruby-jwt/jwt/algorithms.go:90.16,92.3 1 1
github.com/go-ruby-jwt/jwt/algorithms.go:93.2,93.35 1 1
github.com/go-ruby-jwt/jwt/algorithms.go:93.35,93.56 1 1
github.com/go-ruby-jwt/jwt/algorithms.go:94.2,95.26 2 1
github.com/go-ruby-jwt/jwt/algorithms.go:98.63,100.16 2 1
github.com/go-ruby-jwt/jwt/algorithms.go:100.16,102.3 1 1
github.com/go-ruby-jwt/jwt/algorithms.go:103.2,103.32 1 1
github.com/go-ruby-jwt/jwt/algorithms.go:103.32,105.3 1 1
github.com/go-ruby-jwt/jwt/algorithms.go:106.2,106.12 1 1
github.com/go-ruby-jwt/jwt/algorithms.go:110.39,111.11 1 1
github.com/go-ruby-jwt/jwt/algorithms.go:112.21,113.22 1 1
github.com/go-ruby-jwt/jwt/algorithms.go:114.21,115.25 1 1
github.com/go-ruby-jwt/jwt/algorithms.go:116.10,117.22 1 1
github.com/go-ruby-jwt/jwt/algorithms.go:123.65,125.9 2 1
github.com/go-ruby-jwt/jwt/algorithms.go:125.9,127.3 1 1
github.com/go-ruby-jwt/jwt/algorithms.go:128.2,128.62 1 1
github.com/go-ruby-jwt/jwt/algorithms.go:131.62,133.16 2 1
github.com/go-ruby-jwt/jwt/algorithms.go:133.16,135.3 1 1
github.com/go-ruby-jwt/jwt/algorithms.go:136.2,136.71 1 1
github.com/go-ruby-jwt/jwt/algorithms.go:136.71,138.3 1 1
github.com/go-ruby-jwt/jwt/algorithms.go:139.2,139.12 1 1
github.com/go-ruby-jwt/jwt/algorithms.go:144.65,146.9 2 1
github.com/go-ruby-jwt/jwt/algorithms.go:146.9,148.3 1 1
github.com/go-ruby-jwt/jwt/algorithms.go:149.2,150.63 2 1
github.com/go-ruby-jwt/jwt/algorithms.go:153.62,155.16 2 1
github.com/go-ruby-jwt/jwt/algorithms.go:155.16,157.3 1 1
github.com/go-ruby-jwt/jwt/algorithms.go:158.2,159.72 2 1
github.com/go-ruby-jwt/jwt/algorithms.go:159.72,161.3 1 1
github.com/go-ruby-jwt/jwt/algorithms.go:162.2,162.12 1 1
github.com/go-ruby-jwt/jwt/algorithms.go:167.49,168.25 1 1
github.com/go-ruby-jwt/jwt/algorithms.go:169.22,170.16 1 1
github.com/go-ruby-jwt/jwt/algorithms.go:171.23,172.27 1 1
github.com/go-ruby-jwt/jwt/algorithms.go:173.10,174.58 1 1
github.com/go-ruby-jwt/jwt/algorithms.go:183.37,184.11 1 1
github.com/go-ruby-jwt/jwt/algorithms.go:185.21,186.12 1 1
github.com/go-ruby-jwt/jwt/algorithms.go:187.21,188.12 1 1
github.com/go-ruby-jwt/jwt/algorithms.go:189.10,190.12 1 1
github.com/go-ruby-jwt/jwt/algorithms.go:194.67,196.9 2 1
github.com/go-ruby-jwt/jwt/algorithms.go:196.9,198.3 1 1
github.com/go-ruby-jwt/jwt/algorithms.go:201.2,206.17 6 1
github.com/go-ruby-jwt/jwt/algorithms.go:209.64,211.16 2 1
github.com/go-ruby-jwt/jwt/algorithms.go:211.16,213.3 1 1
github.com/go-ruby-jwt/jwt/algorithms.go:214.2,215.21 2 1
github.com/go-ruby-jwt/jwt/algorithms.go:215.21,217.3 1 1
github.com/go-ruby-jwt/jwt/algorithms.go:218.2,220.45 3 1
github.com/go-ruby-jwt/jwt/algorithms.go:220.45,222.3 1 1
github.com/go-ruby-jwt/jwt/algorithms.go:223.2,223.12 1 1
github.com/go-ruby-jwt/jwt/algorithms.go:228.53,229.25 1 1
github.com/go-ruby-jwt/jwt/algorithms.go:230.24,231.16 1 1
github.com/go-ruby-jwt/jwt/algorithms.go:232.25,233.27 1 1
github.com/go-ruby-jwt/jwt/algorithms.go:234.10,235.60 1 1
github.com/go-ruby-jwt/jwt/algorithms.go:241.33,243.2 1 1
github.com/go-ruby-jwt/jwt/base64.go:14.37,16.2 1 1
github.com/go-ruby-jwt/jwt/base64.go:23.46,24.65 1 1
github.com/go-ruby-jwt/jwt/base64.go:24.65,26.3 1 1
github.com/go-ruby-jwt/jwt/base64.go:27.2,27.62 1 1
github.com/go-ruby-jwt/jwt/base64.go:27.62,29.3 1 1
github.com/go-ruby-jwt/jwt/base64.go:30.2,30.66 1 1
github.com/go-ruby-jwt/jwt/claims.go:20.52,22.9 2 1
github.com/go-ruby-jwt/jwt/claims.go:22.9,25.3 1 1
github.com/go-ruby-jwt/jwt/claims.go:26.2,26.53 1 1
github.com/go-ruby-jwt/jwt/claims.go:26.53,28.3 1 1
github.com/go-ruby-jwt/jwt/claims.go:29.2,29.48 1 1
github.com/go-ruby-jwt/jwt/claims.go:29.48,31.3 1 1
github.com/go-ruby-jwt/jwt/claims.go:32.2,32.48 1 1
github.com/go-ruby-jwt/jwt/claims.go:32.48,34.3 1 1
github.com/go-ruby-jwt/jwt/claims.go:35.2,35.48 1 1
github.com/go-ruby-jwt/jwt/claims.go:35.48,37.3 1 1
github.com/go-ruby-jwt/jwt/claims.go:38.2,38.48 1 1
github.com/go-ruby-jwt/jwt/claims.go:38.48,40.3 1 1
github.com/go-ruby-jwt/jwt/claims.go:41.2,41.48 1 1
github.com/go-ruby-jwt/jwt/claims.go:41.48,43.3 1 1
github.com/go-ruby-jwt/jwt/claims.go:44.2,44.48 1 1
github.com/go-ruby-jwt/jwt/claims.go:44.48,46.3 1 1
github.com/go-ruby-jwt/jwt/claims.go:47.2,47.32 1 1
github.com/go-ruby-jwt/jwt/claims.go:51.61,52.43 1 1
github.com/go-ruby-jwt/jwt/claims.go:52.43,53.37 1 1
github.com/go-ruby-jwt/jwt/claims.go:53.37,55.4 1 1
github.com/go-ruby-jwt/jwt/claims.go:57.2,57.12 1 1
github.com/go-ruby-jwt/jwt/claims.go:63.56,64.56 1 1
github.com/go-ruby-jwt/jwt/claims.go:64.56,66.3 1 1
github.com/go-ruby-jwt/jwt/claims.go:67.2,68.9 2 1
github.com/go-ruby-jwt/jwt/claims.go:68.9,70.3 1 1
github.com/go-ruby-jwt/jwt/claims.go:71.2,72.16 2 1
github.com/go-ruby-jwt/jwt/claims.go:72.16,74.3 1 1
github.com/go-ruby-jwt/jwt/claims.go:75.2,76.27 2 1
github.com/go-ruby-jwt/jwt/claims.go:76.27,78.3 1 1
github.com/go-ruby-jwt/jwt/claims.go:79.2,79.32 1 1
github.com/go-ruby-jwt/jwt/claims.go:79.32,81.3 1 1
github.com/go-ruby-jwt/jwt/claims.go:82.2,82.12 1 1
github.com/go-ruby-jwt/jwt/claims.go:87.56,88.54 1 1
github.com/go-ruby-jwt/jwt/claims.go:88.54,90.3 1 1
github.com/go-ruby-jwt/jwt/claims.go:91.2,92.9 2 1
github.com/go-ruby-jwt/jwt/claims.go:92.9,94.3 1 1
github.com/go-ruby-jwt/jwt/claims.go:95.2,96.16 2 1
github.com/go-ruby-jwt/jwt/claims.go:96.16,98.3 1 1
github.com/go-ruby-jwt/jwt/claims.go:99.2,100.27 2 1
github.com/go-ruby-jwt/jwt/claims.go:100.27,102.3 1 1
github.com/go-ruby-jwt/jwt/claims.go:103.2,103.31 1 1
github.com/go-ruby-jwt/jwt/claims.go:103.31,105.3 1 1
github.com/go-ruby-jwt/jwt/claims.go:106.2,106.12 1 1
github.com/go-ruby-jwt/jwt/claims.go:111.56,112.21 1 1
github.com/go-ruby-jwt/jwt/claims.go:112.21,114.3 1 1
github.com/go-ruby-jwt/jwt/claims.go:115.2,116.9 2 1
github.com/go-ruby-jwt/jwt/claims.go:116.9,118.3 1 1
github.com/go-ruby-jwt/jwt/claims.go:119.2,120.16 2 1
github.com/go-ruby-jwt/jwt/claims.go:120.16,122.3 1 1
github.com/go-ruby-jwt/jwt/claims.go:123.2,123.54 1 1
github.com/go-ruby-jwt/jwt/claims.go:123.54,125.3 1 1
github.com/go-ruby-jwt/jwt/claims.go:126.2,126.12 1 1
github.com/go-ruby-jwt/jwt/claims.go:131.56,132.21 1 1
github.com/go-ruby-jwt/jwt/claims.go:132.21,134.3 1 1
github.com/go-ruby-jwt/jwt/claims.go:135.2,138.13 4 1
github.com/go-ruby-jwt/jwt/claims.go:138.13,140.3 1 1
github.com/go-ruby-jwt/jwt/claims.go:141.2,141.29 1 1
github.com/go-ruby-jwt/jwt/claims.go:141.29,142.29 1 1
github.com/go-ruby-jwt/jwt/claims.go:142.29,144.4 1 1
github.com/go-ruby-jwt/jwt/claims.go:146.2,147.13 2 1
github.com/go-ruby-jwt/jwt/claims.go:147.13,149.3 1 1
github.com/go-ruby-jwt/jwt/claims.go:150.2,151.99 1 1
github.com/go-ruby-jwt/jwt/claims.go:156.56,157.21 1 1
github.com/go-ruby-jwt/jwt/claims.go:157.21,159.3 1 1
github.com/go-ruby-jwt/jwt/claims.go:160.2,162.29 3 1
github.com/go-ruby-jwt/jwt/claims.go:162.29,163.30 1 1
github.com/go-ruby-jwt/jwt/claims.go:163.30,164.14 1 1
github.com/go-ruby-jwt/jwt/claims.go:164.14,166.5 1 1
github.com/go-ruby-jwt/jwt/claims.go:169.2,171.67 1 1
github.com/go-ruby-jwt/jwt/claims.go:175.56,176.21 1 1
github.com/go-ruby-jwt/jwt/claims.go:176.21,178.3 1 1
github.com/go-ruby-jwt/jwt/claims.go:179.2,181.13 3 1
github.com/go-ruby-jwt/jwt/claims.go:181.13,183.3 1 1
github.com/go-ruby-jwt/jwt/claims.go:184.2,184.39 1 1
github.com/go-ruby-jwt/jwt/claims.go:184.39,186.3 1 1
github.com/go-ruby-jwt/jwt/claims.go:187.2,188.13 2 1
github.com/go-ruby-jwt/jwt/claims.go:188.13,190.3 1 1
github.com/go-ruby-jwt/jwt/claims.go:191.2,192.84 1 1
github.com/go-ruby-jwt/jwt/claims.go:197.56,198.21 1 1
github.com/go-ruby-jwt/jwt/claims.go:198.21,200.3 1 1
github.com/go-ruby-jwt/jwt/claims.go:201.2,202.30 2 1
github.com/go-ruby-jwt/jwt/claims.go:202.30,203.28 1 1
github.com/go-ruby-jwt/jwt/claims.go:203.28,205.4 1 1
github.com/go-ruby-jwt/jwt/claims.go:206.3,206.13 1 1
github.com/go-ruby-jwt/jwt/claims.go:208.2,208.37 1 1
github.com/go-ruby-jwt/jwt/claims.go:208.37,210.3 1 1
github.com/go-ruby-jwt/jwt/claims.go:211.2,211.12 1 1
github.com/go-ruby-jwt/jwt/claims.go:217.22,217.42 1 1
github.com/go-ruby-jwt/jwt/claims.go:221.54,223.9 2 1
github.com/go-ruby-jwt/jwt/claims.go:223.9,226.3 1 1
github.com/go-ruby-jwt/jwt/claims.go:227.2,227.22 1 1
github.com/go-ruby-jwt/jwt/claims.go:231.39,233.9 2 1
github.com/go-ruby-jwt/jwt/claims.go:233.9,235.3 1 1
github.com/go-ruby-jwt/jwt/claims.go:236.2,236.15 1 1
github.com/go-ruby-jwt/jwt/claims.go:241.37,242.23 1 1
github.com/go-ruby-jwt/jwt/claims.go:243.19,245.23 2 1
github.com/go-ruby-jwt/jwt/claims.go:246.15,247.17 1 1
github.com/go-ruby-jwt/jwt/claims.go:248.11,249.26 1 1
github.com/go-ruby-jwt/jwt/claims.go:250.13,251.26 1 1
github.com/go-ruby-jwt/jwt/claims.go:252.10,253.18 1 1
github.com/go-ruby-jwt/jwt/claims.go:259.30,260.18 1 1
github.com/go-ruby-jwt/jwt/claims.go:261.14,262.18 1 1
github.com/go-ruby-jwt/jwt/claims.go:263.12,264.21 1 1
github.com/go-ruby-jwt/jwt/claims.go:265.11,266.20 1 1
github.com/go-ruby-jwt/jwt/claims.go:267.13,268.17 1 1
github.com/go-ruby-jwt/jwt/claims.go:269.19,270.16 1 1
github.com/go-ruby-jwt/jwt/claims.go:271.10,272.18 1 1
github.com/go-ruby-jwt/jwt/claims.go:277.35,278.25 1 1
github.com/go-ruby-jwt/jwt/claims.go:279.11,280.13 1 1
github.com/go-ruby-jwt/jwt/claims.go:281.14,282.21 1 1
github.com/go-ruby-jwt/jwt/claims.go:283.16,284.11 1 1
github.com/go-ruby-jwt/jwt/claims.go:285.13,287.23 2 1
github.com/go-ruby-jwt/jwt/claims.go:287.23,289.4 1 1
github.com/go-ruby-jwt/jwt/claims.go:290.3,290.13 1 1
github.com/go-ruby-jwt/jwt/claims.go:291.10,292.33 1 1
github.com/go-ruby-jwt/jwt/claims.go:297.37,299.2 1 1
github.com/go-ruby-jwt/jwt/claims.go:303.46,305.9 2 1
github.com/go-ruby-jwt/jwt/claims.go:305.9,307.3 1 1
github.com/go-ruby-jwt/jwt/claims.go:308.2,308.23 1 1
github.com/go-ruby-jwt/jwt/claims.go:309.13,311.23 2 1
github.com/go-ruby-jwt/jwt/claims.go:311.23,313.4 1 1
github.com/go-ruby-jwt/jwt/claims.go:314.3,314.13 1 1
github.com/go-ruby-jwt/jwt/claims.go:315.10,316.33 1 1
github.com/go-ruby-jwt/jwt/claims.go:321.37,324.2 2 1
github.com/go-ruby-jwt/jwt/claims.go:328.45,330.23 2 1
github.com/go-ruby-jwt/jwt/claims.go:330.23,332.3 1 1
github.com/go-ruby-jwt/jwt/claims.go:333.2,333.46 1 1
github.com/go-ruby-jwt/jwt/claims.go:338.35,339.23 1 1
github.com/go-ruby-jwt/jwt/claims.go:340.11,341.18 1 1
github.com/go-ruby-jwt/jwt/claims.go:342.14,343.11 1 1
github.com/go-ruby-jwt/jwt/claims.go:344.16,345.31 1 1
github.com/go-ruby-jwt/jwt/claims.go:346.13,348.23 2 1
github.com/go-ruby-jwt/jwt/claims.go:348.23,350.4 1 1
github.com/go-ruby-jwt/jwt/claims.go:351.3,351.47 1 1
github.com/go-ruby-jwt/jwt/claims.go:352.10,353.23 1 1
github.com/go-ruby-jwt/jwt/decode.go:72.100,74.21 2 1
github.com/go-ruby-jwt/jwt/decode.go:74.21,76.3 1 1
github.com/go-ruby-jwt/jwt/decode.go:78.2,79.16 2 1
github.com/go-ruby-jwt/jwt/decode.go:79.16,81.3 1 1
github.com/go-ruby-jwt/jwt/decode.go:82.2,83.16 2 1
github.com/go-ruby-jwt/jwt/decode.go:83.16,85.3 1 1
github.com/go-ruby-jwt/jwt/decode.go:86.2,87.16 2 1
github.com/go-ruby-jwt/jwt/decode.go:87.16,89.3 1 1
github.com/go-ruby-jwt/jwt/decode.go:91.2,92.16 2 1
github.com/go-ruby-jwt/jwt/decode.go:92.16,94.3 1 1
github.com/go-ruby-jwt/jwt/decode.go:95.2,96.16 2 1
github.com/go-ruby-jwt/jwt/decode.go:96.16,98.3 1 1
github.com/go-ruby-jwt/jwt/decode.go:100.2,100.12 1 1
github.com/go-ruby-jwt/jwt/decode.go:100.12,101.82 1 1
github.com/go-ruby-jwt/jwt/decode.go:101.82,103.4 1 1
github.com/go-ruby-jwt/jwt/decode.go:104.3,104.48 1 1
github.com/go-ruby-jwt/jwt/decode.go:104.48,106.4 1 1
github.com/go-ruby-jwt/jwt/decode.go:108.2,108.21 1 1
github.com/go-ruby-jwt/jwt/decode.go:115.105,118.31 2 1
github.com/go-ruby-jwt/jwt/decode.go:118.31,120.3 1 1
github.com/go-ruby-jwt/jwt/decode.go:121.2,121.41 1 1
github.com/go-ruby-jwt/jwt/decode.go:121.41,123.3 1 1
github.com/go-ruby-jwt/jwt/decode.go:125.2,127.19 2 1
github.com/go-ruby-jwt/jwt/decode.go:127.19,128.20 1 1
github.com/go-ruby-jwt/jwt/decode.go:128.20,130.4 1 1
github.com/go-ruby-jwt/jwt/decode.go:131.3,131.13 1 1
github.com/go-ruby-jwt/jwt/decode.go:136.2,136.32 1 1
github.com/go-ruby-jwt/jwt/decode.go:136.32,138.17 2 1
github.com/go-ruby-jwt/jwt/decode.go:138.17,140.4 1 1
github.com/go-ruby-jwt/jwt/decode.go:143.2,144.14 2 1
github.com/go-ruby-jwt/jwt/decode.go:144.14,146.3 1 1
github.com/go-ruby-jwt/jwt/decode.go:147.2,147.57 1 1
github.com/go-ruby-jwt/jwt/decode.go:151.58,153.9 2 1
github.com/go-ruby-jwt/jwt/decode.go:153.9,155.3 1 1
github.com/go-ruby-jwt/jwt/decode.go:156.2,157.9 2 1
github.com/go-ruby-jwt/jwt/decode.go:157.9,159.3 1 1
github.com/go-ruby-jwt/jwt/decode.go:160.2,161.14 2 1
github.com/go-ruby-jwt/jwt/decode.go:166.52,167.25 1 1
github.com/go-ruby-jwt/jwt/decode.go:167.25,168.33 1 1
github.com/go-ruby-jwt/jwt/decode.go:168.33,170.4 1 1
github.com/go-ruby-jwt/jwt/decode.go:172.2,172.14 1 1
github.com/go-ruby-jwt/jwt/encode.go:24.87,28.16 3 1
github.com/go-ruby-jwt/jwt/encode.go:28.16,30.3 1 1
github.com/go-ruby-jwt/jwt/encode.go:31.2,32.16 2 1
github.com/go-ruby-jwt/jwt/encode.go:32.16,34.3 1 1
github.com/go-ruby-jwt/jwt/encode.go:36.2,38.25 2 1
github.com/go-ruby-jwt/jwt/encode.go:38.25,41.3 1 1
github.com/go-ruby-jwt/jwt/encode.go:43.2,44.14 2 1
github.com/go-ruby-jwt/jwt/encode.go:44.14,46.3 1 1
github.com/go-ruby-jwt/jwt/encode.go:47.2,48.16 2 1
github.com/go-ruby-jwt/jwt/encode.go:48.16,50.3 1 1
github.com/go-ruby-jwt/jwt/encode.go:51.2,51.53 1 1
github.com/go-ruby-jwt/jwt/encode.go:57.66,59.34 2 1
github.com/go-ruby-jwt/jwt/encode.go:60.11,60.11 0 1
github.com/go-ruby-jwt/jwt/encode.go:62.19,63.28 1 1
github.com/go-ruby-jwt/jwt/encode.go:63.28,66.4 2 1
github.com/go-ruby-jwt/jwt/encode.go:67.22,70.35 1 1
github.com/go-ruby-jwt/jwt/encode.go:70.35,72.4 1 1
github.com/go-ruby-jwt/jwt/encode.go:74.2,74.34 1 1
github.com/go-ruby-jwt/jwt/encode.go:74.34,76.3 1 1
github.com/go-ruby-jwt/jwt/encode.go:77.2,77.12 1 1
github.com/go-ruby-jwt/jwt/encode.go:82.38,83.20 1 1
github.com/go-ruby-jwt/jwt/encode.go:83.20,85.3 1 1
github.com/go-ruby-jwt/jwt/encode.go:86.2,86.16 1 1
github.com/go-ruby-jwt/jwt/encode.go:91.44,93.19 2 1
github.com/go-ruby-jwt/jwt/encode.go:93.19,95.3 1 1
github.com/go-ruby-jwt/jwt/encode.go:96.2,97.13 2 1
github.com/go-ruby-jwt/jwt/errors.go:23.32,23.52 1 1
github.com/go-ruby-jwt/jwt/errors.go:27.32,27.51 1 1
github.com/go-ruby-jwt/jwt/errors.go:69.49,71.2 1 1
github.com/go-ruby-jwt/jwt/errors.go:75.50,77.29 2 1
github.com/go-ruby-jwt/jwt/errors.go:77.29,79.3 1 1
github.com/go-ruby-jwt/jwt/errors.go:81.2,81.71 1 1
github.com/go-ruby-jwt/jwt/json.go:30.34,32.2 1 1
github.com/go-ruby-jwt/jwt/json.go:36.47,37.33 1 1
github.com/go-ruby-jwt/jwt/json.go:37.33,39.3 1 1
github.com/go-ruby-jwt/jwt/json.go:40.2,40.21 1 1
github.com/go-ruby-jwt/jwt/json.go:44.50,47.2 2 1
github.com/go-ruby-jwt/jwt/json.go:50.38,50.55 1 1
github.com/go-ruby-jwt/jwt/json.go:53.32,53.54 1 1
github.com/go-ruby-jwt/jwt/json.go:57.41,59.43 2 1
github.com/go-ruby-jwt/jwt/json.go:59.43,61.3 1 1
github.com/go-ruby-jwt/jwt/json.go:62.2,62.25 1 1
github.com/go-ruby-jwt/jwt/json.go:68.48,69.23 1 1
github.com/go-ruby-jwt/jwt/json.go:70.19,71.54 1 1
github.com/go-ruby-jwt/jwt/json.go:71.54,71.84 2 1
github.com/go-ruby-jwt/jwt/json.go:72.22,74.20 2 1
github.com/go-ruby-jwt/jwt/json.go:74.20,76.4 1 1
github.com/go-ruby-jwt/jwt/json.go:77.3,78.52 2 1
github.com/go-ruby-jwt/jwt/json.go:78.52,78.67 1 1
github.com/go-ruby-jwt/jwt/json.go:79.13,81.23 2 1
github.com/go-ruby-jwt/jwt/json.go:81.23,82.13 1 1
github.com/go-ruby-jwt/jwt/json.go:82.13,84.5 1 1
github.com/go-ruby-jwt/jwt/json.go:85.4,85.44 1 1
github.com/go-ruby-jwt/jwt/json.go:85.44,87.5 1 1
github.com/go-ruby-jwt/jwt/json.go:89.3,90.13 2 1
github.com/go-ruby-jwt/jwt/json.go:91.10,95.17 2 1
github.com/go-ruby-jwt/jwt/json.go:95.17,97.4 1 1
github.com/go-ruby-jwt/jwt/json.go:98.3,99.13 2 1
github.com/go-ruby-jwt/jwt/json.go:104.80,106.25 2 1
github.com/go-ruby-jwt/jwt/json.go:106.25,107.12 1 1
github.com/go-ruby-jwt/jwt/json.go:107.12,109.4 1 1
github.com/go-ruby-jwt/jwt/json.go:110.3,113.48 4 1
github.com/go-ruby-jwt/jwt/json.go:113.48,115.4 1 1
github.com/go-ruby-jwt/jwt/json.go:117.2,118.12 2 1
github.com/go-ruby-jwt/jwt/json.go:123.43,127.16 4 1
github.com/go-ruby-jwt/jwt/json.go:127.16,129.3 1 1
github.com/go-ruby-jwt/jwt/json.go:132.2,132.16 1 1
github.com/go-ruby-jwt/jwt/json.go:132.16,134.3 1 1
github.com/go-ruby-jwt/jwt/json.go:135.2,135.15 1 1
github.com/go-ruby-jwt/jwt/json.go:139.50,141.16 2 1
github.com/go-ruby-jwt/jwt/json.go:141.16,143.3 1 1
github.com/go-ruby-jwt/jwt/json.go:144.2,144.25 1 1
github.com/go-ruby-jwt/jwt/json.go:145.18,149.15 1 1
github.com/go-ruby-jwt/jwt/json.go:149.15,151.4 1 1
github.com/go-ruby-jwt/jwt/json.go:152.3,152.26 1 1
github.com/go-ruby-jwt/jwt/json.go:153.10,154.16 1 1
github.com/go-ruby-jwt/jwt/json.go:159.51,161.17 2 1
github.com/go-ruby-jwt/jwt/json.go:161.17,163.17 2 1
github.com/go-ruby-jwt/jwt/json.go:163.17,165.4 1 1
github.com/go-ruby-jwt/jwt/json.go:168.3,170.17 3 1
github.com/go-ruby-jwt/jwt/json.go:170.17,172.4 1 1
github.com/go-ruby-jwt/jwt/json.go:173.3,173.18 1 1
github.com/go-ruby-jwt/jwt/json.go:175.2,175.39 1 1
github.com/go-ruby-jwt/jwt/json.go:175.39,177.3 1 1
github.com/go-ruby-jwt/jwt/json.go:178.2,178.15 1 1
github.com/go-ruby-jwt/jwt/json.go:182.50,184.17 2 1
github.com/go-ruby-jwt/jwt/json.go:184.17,186.17 2 1
github.com/go-ruby-jwt/jwt/json.go:186.17,188.4 1 1
github.com/go-ruby-jwt/jwt/json.go:189.3,189.23 1 1
github.com/go-ruby-jwt/jwt/json.go:191.2,191.39 1 1
github.com/go-ruby-jwt/jwt/json.go:191.39,193.3 1 1
github.com/go-ruby-jwt/jwt/json.go:194.2,194.17 1 1
github.com/go-ruby-jwt/jwt/jwk.go:40.36,41.35 1 1
github.com/go-ruby-jwt/jwt/jwk.go:42.22,43.24 1 1
github.com/go-ruby-jwt/jwt/jwk.go:44.24,45.18 1 1
github.com/go-ruby-jwt/jwt/jwk.go:46.10,47.66 1 1
github.com/go-ruby-jwt/jwt/jwk.go:52.28,53.25 1 1
github.com/go-ruby-jwt/jwt/jwk.go:54.23,55.22 1 1
github.com/go-ruby-jwt/jwt/jwk.go:56.25,57.22 1 1
github.com/go-ruby-jwt/jwt/jwk.go:58.10,59.13 1 1
github.com/go-ruby-jwt/jwt/jwk.go:64.38,71.2 5 1
github.com/go-ruby-jwt/jwt/jwk.go:74.48,76.16 2 1
github.com/go-ruby-jwt/jwt/jwk.go:76.16,78.3 1 1
github.com/go-ruby-jwt/jwt/jwk.go:79.2,84.15 5 1
github.com/go-ruby-jwt/jwt/jwk.go:88.57,89.11 1 1
github.com/go-ruby-jwt/jwt/jwk.go:90.23,91.26 1 1
github.com/go-ruby-jwt/jwt/jwk.go:92.23,93.26 1 1
github.com/go-ruby-jwt/jwt/jwk.go:94.23,95.26 1 1
github.com/go-ruby-jwt/jwt/jwk.go:96.10,97.68 1 1
github.com/go-ruby-jwt/jwt/jwk.go:103.42,106.2 2 1
github.com/go-ruby-jwt/jwt/jwk.go:109.38,110.17 1 1
github.com/go-ruby-jwt/jwt/jwk.go:110.17,112.3 1 1
github.com/go-ruby-jwt/jwt/jwk.go:113.2,115.12 3 1
github.com/go-ruby-jwt/jwt/jwk.go:120.36,123.20 3 1
github.com/go-ruby-jwt/jwt/jwk.go:123.20,126.3 2 1
github.com/go-ruby-jwt/jwt/jwk.go:126.8,130.3 3 1
github.com/go-ruby-jwt/jwt/jwk.go:131.2,132.10 2 1
github.com/go-ruby-jwt/jwt/jwk.go:136.31,136.47 1 1
github.com/go-ruby-jwt/jwt/jwk.go:145.34,145.62 1 1
github.com/go-ruby-jwt/jwt/jwk.go:148.38,149.27 1 1
github.com/go-ruby-jwt/jwt/jwk.go:149.27,150.19 1 1
github.com/go-ruby-jwt/jwt/jwk.go:150.19,152.4 1 1
github.com/go-ruby-jwt/jwt/jwk.go:154.2,154.12 1 1
github.com/go-ruby-jwt/jwt/jwk.go:159.45,161.36 2 1
github.com/go-ruby-jwt/jwt/jwk.go:161.36,163.3 1 1
github.com/go-ruby-jwt/jwt/jwk.go:164.2,164.12 1 1
